== application started at Aug 14 2015 19:32:31
POKE DASH REVOLUTION 1.0 rev 0 (devel) built on Feb 22 2015 for arch x86
Loaded module 'corelib'
Loaded module 'game_things'
Loaded module 'gamelib'
Loaded module 'client'
Loaded module 'client_styles'
Locale 'pl' is missing 1 translations.
Locale 'pt' is missing 19 translations.
Using configured locale: pt
Loaded module 'client_locales'
Loaded module 'client_topmenu'
Loaded module 'client_background'
Unable to translate: "Don't stretch/shrink Game Window"
Loaded module 'client_options'
Unable to translate: "Make sure that your client uses
the correct game client version"
Unable to translate: "Client Version"
Loaded module 'client_entergame'
Loaded module 'client_terminal'
Loaded module 'client_modulemanager'
Loaded module 'client_serverlist'
Loaded module 'client_stats'
Loaded module 'game_interface'
Loaded module 'game_hotkeys'
Loaded module 'game_questlog'
Loaded module 'game_textmessage'
Unable to translate: "Disable chat mode, allow to walk using ASDW"
Loaded module 'game_console'
Loaded module 'game_outfit'
Unable to translate: "Moves"
Unable to translate: "Moves"
Loaded module 'game_moves'
Loaded module 'game_pokedex'
Loaded module 'game_healthinfo'
Unable to translate: "Pokemons"
Unable to translate: "Catchs"
Unable to translate: "Balls"
Loaded module 'game_skills'
Unable to translate: "Open purse"
Loaded module 'game_inventory'
Loaded module 'game_containers'
Loaded module 'game_viplist'
Loaded module 'game_battle'
Unable to translate: "Hold left mouse button to navigate
Scroll mouse middle button to zoom
Right mouse button to create map marks
Press Ctrl+Shift+M to view the entire game map"
Loaded module 'game_minimap'
Loaded module 'game_npctrade'
Loaded module 'game_textwindow'
Loaded module 'game_playertrade'
Loaded module 'game_bugreport'
Loaded module 'game_playerdeath'
Loaded module 'game_playermount'
Loaded module 'game_ruleviolation'
Loaded module 'game_market'
Unable to translate: "Filters"
Loaded module 'game_spelllist'
Loaded module 'game_cooldown'
Loaded module 'game_modaldialog'
Exiting application..
== application started at Aug 14 2015 19:32:41
POKE DASH REVOLUTION 1.0 rev 0 (devel) built on Feb 22 2015 for arch x86
Loaded module 'corelib'
Loaded module 'game_things'
Loaded module 'gamelib'
Loaded module 'client'
Loaded module 'client_styles'
Locale 'pl' is missing 1 translations.
Locale 'pt' is missing 19 translations.
Using configured locale: pt
Loaded module 'client_locales'
Loaded module 'client_topmenu'
Loaded module 'client_background'
Unable to translate: "Don't stretch/shrink Game Window"
Loaded module 'client_options'
Unable to translate: "Make sure that your client uses
the correct game client version"
Unable to translate: "Client Version"
Loaded module 'client_entergame'
Loaded module 'client_terminal'
Loaded module 'client_modulemanager'
Loaded module 'client_serverlist'
Loaded module 'client_stats'
Loaded module 'game_interface'
Loaded module 'game_hotkeys'
Loaded module 'game_questlog'
Loaded module 'game_textmessage'
Unable to translate: "Disable chat mode, allow to walk using ASDW"
Loaded module 'game_console'
Loaded module 'game_outfit'
Unable to translate: "Moves"
Unable to translate: "Moves"
Loaded module 'game_moves'
Loaded module 'game_pokedex'
Loaded module 'game_healthinfo'
Unable to translate: "Pokemons"
Unable to translate: "Catchs"
Unable to translate: "Balls"
Loaded module 'game_skills'
Unable to translate: "Open purse"
Loaded module 'game_inventory'
Loaded module 'game_containers'
Loaded module 'game_viplist'
Loaded module 'game_battle'
Unable to translate: "Hold left mouse button to navigate
Scroll mouse middle button to zoom
Right mouse button to create map marks
Press Ctrl+Shift+M to view the entire game map"
Loaded module 'game_minimap'
Loaded module 'game_npctrade'
Loaded module 'game_textwindow'
Loaded module 'game_playertrade'
Loaded module 'game_bugreport'
Loaded module 'game_playerdeath'
Loaded module 'game_playermount'
Loaded module 'game_ruleviolation'
Loaded module 'game_market'
Unable to translate: "Filters"
Loaded module 'game_spelllist'
Loaded module 'game_cooldown'
Loaded module 'game_modaldialog'
Unable to translate: "Balls"
Unable to translate: "Catchs"
WARNING: widget 'tab' destroyed but still have 1 reference(s) left
WARNING: widget 'tab' destroyed but still have 1 reference(s) left
Unable to translate: "Balls"
Unable to translate: "Catchs"
Exiting application..
== application started at Aug 14 2015 19:41:28
POKE DASH REVOLUTION 1.0 rev 0 (devel) built on Feb 22 2015 for arch x86
Loaded module 'corelib'
Loaded module 'game_things'
Loaded module 'gamelib'
Loaded module 'client'
Loaded module 'client_styles'
Locale 'pl' is missing 1 translations.
Locale 'pt' is missing 19 translations.
Using configured locale: pt
Loaded module 'client_locales'
Loaded module 'client_topmenu'
Loaded module 'client_background'
Unable to translate: "Don't stretch/shrink Game Window"
Loaded module 'client_options'
Unable to translate: "Make sure that your client uses
the correct game client version"
Unable to translate: "Client Version"
Loaded module 'client_entergame'
Loaded module 'client_terminal'
Loaded module 'client_modulemanager'
Loaded module 'client_serverlist'
Loaded module 'client_stats'
Loaded module 'game_interface'
Loaded module 'game_hotkeys'
Loaded module 'game_questlog'
Loaded module 'game_textmessage'
Unable to translate: "Disable chat mode, allow to walk using ASDW"
Loaded module 'game_console'
Loaded module 'game_outfit'
Unable to translate: "Moves"
Unable to translate: "Moves"
Loaded module 'game_moves'
Loaded module 'game_pokedex'
Loaded module 'game_healthinfo'
Unable to translate: "Pokemons"
Unable to translate: "Catchs"
Unable to translate: "Balls"
Loaded module 'game_skills'
Unable to translate: "Open purse"
Loaded module 'game_inventory'
Loaded module 'game_containers'
Loaded module 'game_viplist'
Loaded module 'game_battle'
Unable to translate: "Hold left mouse button to navigate
Scroll mouse middle button to zoom
Right mouse button to create map marks
Press Ctrl+Shift+M to view the entire game map"
Loaded module 'game_minimap'
Loaded module 'game_npctrade'
Loaded module 'game_textwindow'
Loaded module 'game_playertrade'
Loaded module 'game_bugreport'
Loaded module 'game_playerdeath'
Loaded module 'game_playermount'
Loaded module 'game_ruleviolation'
Loaded module 'game_market'
Unable to translate: "Filters"
Loaded module 'game_spelllist'
Loaded module 'game_cooldown'
Loaded module 'game_modaldialog'
Unable to translate: "Balls"
Unable to translate: "Catchs"
Exiting application..
== application started at Aug 15 2015 11:04:46
POKE DASH REVOLUTION 1.0 rev 0 (devel) built on Feb 22 2015 for arch x86
Loaded module 'corelib'
Loaded module 'game_things'
Loaded module 'gamelib'
Loaded module 'client'
Loaded module 'client_styles'
Locale 'pl' is missing 1 translations.
Locale 'pt' is missing 19 translations.
Using configured locale: pt
Loaded module 'client_locales'
Loaded module 'client_topmenu'
Loaded module 'client_background'
Unable to translate: "Don't stretch/shrink Game Window"
Loaded module 'client_options'
Unable to translate: "Make sure that your client uses
the correct game client version"
Unable to translate: "Client Version"
Loaded module 'client_entergame'
Loaded module 'client_terminal'
Loaded module 'client_modulemanager'
Loaded module 'client_serverlist'
Loaded module 'client_stats'
Loaded module 'game_interface'
Loaded module 'game_hotkeys'
Loaded module 'game_questlog'
Loaded module 'game_textmessage'
Unable to translate: "Disable chat mode, allow to walk using ASDW"
Loaded module 'game_console'
Loaded module 'game_outfit'
Unable to translate: "Moves"
Unable to translate: "Moves"
Loaded module 'game_moves'
Loaded module 'game_pokedex'
Loaded module 'game_healthinfo'
Unable to translate: "Pokemons"
Unable to translate: "Catchs"
Unable to translate: "Balls"
Loaded module 'game_skills'
Unable to translate: "Open purse"
Loaded module 'game_inventory'
Loaded module 'game_containers'
Loaded module 'game_viplist'
Loaded module 'game_battle'
Unable to translate: "Hold left mouse button to navigate
Scroll mouse middle button to zoom
Right mouse button to create map marks
Press Ctrl+Shift+M to view the entire game map"
Loaded module 'game_minimap'
Loaded module 'game_npctrade'
Loaded module 'game_textwindow'
Loaded module 'game_playertrade'
Loaded module 'game_bugreport'
Loaded module 'game_playerdeath'
Loaded module 'game_playermount'
Loaded module 'game_ruleviolation'
Loaded module 'game_market'
Unable to translate: "Filters"
Loaded module 'game_spelllist'
Loaded module 'game_cooldown'
Loaded module 'game_modaldialog'
ERROR: ProtocolGame parse message exception (2592 bytes unread, last opcode is 100, prev opcode is 11): unable to create item with invalid id 12811
WARNING: widget 'tab' destroyed but still have 1 reference(s) left
WARNING: widget 'tab' destroyed but still have 1 reference(s) left
Unable to translate: "Balls"
Unable to translate: "Catchs"
ERROR: ProtocolGame parse message exception (117 bytes unread, last opcode is 103, prev opcode is 109): unable to create item with invalid id 39423
ERROR: no creature found to move
at:
	[C++]: ?parseCreatureMove@ProtocolGame@@AAEXABV?$shared_object_ptr@VInputMessage@@@stdext@@@Z
ERROR: no thing at pos:1050 1062 7, stackpos:1
at:
	[C++]: ?getMappedThing@ProtocolGame@@QAE?AV?$shared_object_ptr@VThing@@@stdext@@ABV?$shared_object_ptr@VInputMessage@@@3@@Z
ERROR: no creature found to move
at:
	[C++]: ?parseCreatureMove@ProtocolGame@@AAEXABV?$shared_object_ptr@VInputMessage@@@stdext@@@Z
ERROR: no thing at pos:1050 1061 7, stackpos:1
at:
	[C++]: ?getMappedThing@ProtocolGame@@QAE?AV?$shared_object_ptr@VThing@@@stdext@@ABV?$shared_object_ptr@VInputMessage@@@3@@Z
ERROR: no creature found to move
at:
	[C++]: ?parseCreatureMove@ProtocolGame@@AAEXABV?$shared_object_ptr@VInputMessage@@@stdext@@@Z
ERROR: no thing at pos:1050 1060 7, stackpos:1
at:
	[C++]: ?getMappedThing@ProtocolGame@@QAE?AV?$shared_object_ptr@VThing@@@stdext@@ABV?$shared_object_ptr@VInputMessage@@@3@@Z
ERROR: no creature found to move
at:
	[C++]: ?parseCreatureMove@ProtocolGame@@AAEXABV?$shared_object_ptr@VInputMessage@@@stdext@@@Z
ERROR: no thing at pos:1050 1059 7, stackpos:1
at:
	[C++]: ?getMappedThing@ProtocolGame@@QAE?AV?$shared_object_ptr@VThing@@@stdext@@ABV?$shared_object_ptr@VInputMessage@@@3@@Z
ERROR: no creature found to move
at:
	[C++]: ?parseCreatureMove@ProtocolGame@@AAEXABV?$shared_object_ptr@VInputMessage@@@stdext@@@Z
ERROR: no thing at pos:1050 1058 7, stackpos:1
at:
	[C++]: ?getMappedThing@ProtocolGame@@QAE?AV?$shared_object_ptr@VThing@@@stdext@@ABV?$shared_object_ptr@VInputMessage@@@3@@Z
ERROR: no creature found to move
at:
	[C++]: ?parseCreatureMove@ProtocolGame@@AAEXABV?$shared_object_ptr@VInputMessage@@@stdext@@@Z
ERROR: no thing at pos:1050 1057 7, stackpos:1
at:
	[C++]: ?getMappedThing@ProtocolGame@@QAE?AV?$shared_object_ptr@VThing@@@stdext@@ABV?$shared_object_ptr@VInputMessage@@@3@@Z
ERROR: no creature found to move
at:
	[C++]: ?parseCreatureMove@ProtocolGame@@AAEXABV?$shared_object_ptr@VInputMessage@@@stdext@@@Z
forced player position update
ERROR: no thing at pos:1050 1056 7, stackpos:1
at:
	[C++]: ?getMappedThing@ProtocolGame@@QAE?AV?$shared_object_ptr@VThing@@@stdext@@ABV?$shared_object_ptr@VInputMessage@@@3@@Z
ERROR: no thing
at:
	[C++]: ?parseTileRemoveThing@ProtocolGame@@AAEXABV?$shared_object_ptr@VInputMessage@@@stdext@@@Z
Exiting application..
== application started at Nov 10 2015 15:16:07
POKE DASH REVOLUTION 1.0 rev 0 (devel) built on Feb 22 2015 for arch x86
Loaded module 'corelib'
Loaded module 'game_things'
Loaded module 'gamelib'
Loaded module 'client'
Loaded module 'client_styles'
Locale 'pl' is missing 1 translations.
Locale 'pt' is missing 19 translations.
Using configured locale: pt
Loaded module 'client_locales'
Loaded module 'client_topmenu'
Loaded module 'client_background'
Unable to translate: "Don't stretch/shrink Game Window"
Loaded module 'client_options'
Unable to translate: "Make sure that your client uses
the correct game client version"
Unable to translate: "Client Version"
Loaded module 'client_entergame'
Loaded module 'client_terminal'
Loaded module 'client_modulemanager'
Loaded module 'client_serverlist'
Loaded module 'client_stats'
Loaded module 'game_interface'
Loaded module 'game_hotkeys'
Loaded module 'game_questlog'
Loaded module 'game_textmessage'
Unable to translate: "Disable chat mode, allow to walk using ASDW"
Loaded module 'game_console'
Loaded module 'game_outfit'
Unable to translate: "Moves"
Unable to translate: "Moves"
Loaded module 'game_moves'
Loaded module 'game_pokedex'
Loaded module 'game_healthinfo'
Unable to translate: "Pokemons"
Unable to translate: "Catchs"
Unable to translate: "Balls"
Loaded module 'game_skills'
Unable to translate: "Open purse"
Loaded module 'game_inventory'
Loaded module 'game_containers'
Loaded module 'game_viplist'
Loaded module 'game_battle'
Unable to translate: "Hold left mouse button to navigate
Scroll mouse middle button to zoom
Right mouse button to create map marks
Press Ctrl+Shift+M to view the entire game map"
Loaded module 'game_minimap'
Loaded module 'game_npctrade'
Loaded module 'game_textwindow'
Loaded module 'game_playertrade'
Loaded module 'game_bugreport'
Loaded module 'game_playerdeath'
Loaded module 'game_playermount'
Loaded module 'game_ruleviolation'
Loaded module 'game_market'
Unable to translate: "Filters"
Loaded module 'game_spelllist'
Loaded module 'game_cooldown'
Loaded module 'game_modaldialog'
ERROR: Failed to read dat '/things/854/Tibia.dat': unable to open file '/things/854/Tibia.dat': O sistema não pode encontrar o caminho especificado.'
ERROR: Failed to load sprites from '/things/854/Tibia.spr': unable to open file '/things/854/Tibia.spr': O sistema não pode encontrar o caminho especificado.
ERROR: Failed to read dat '/things/854/Tibia.dat': unable to open file '/things/854/Tibia.dat': O sistema não pode encontrar o caminho especificado.'
ERROR: Failed to load sprites from '/things/854/Tibia.spr': unable to open file '/things/854/Tibia.spr': O sistema não pode encontrar o caminho especificado.
Exiting application..
== application started at Nov 10 2015 15:17:55
POKE DASH REVOLUTION 1.0 rev 0 (devel) built on Feb 22 2015 for arch x86
Loaded module 'corelib'
Loaded module 'game_things'
Loaded module 'gamelib'
Loaded module 'client'
Loaded module 'client_styles'
Locale 'pl' is missing 1 translations.
Locale 'pt' is missing 19 translations.
Using configured locale: pt
Loaded module 'client_locales'
Loaded module 'client_topmenu'
Loaded module 'client_background'
Unable to translate: "Don't stretch/shrink Game Window"
Loaded module 'client_options'
Unable to translate: "Make sure that your client uses
the correct game client version"
Unable to translate: "Client Version"
Loaded module 'client_entergame'
Loaded module 'client_terminal'
Loaded module 'client_modulemanager'
Loaded module 'client_serverlist'
Loaded module 'client_stats'
Loaded module 'game_interface'
Loaded module 'game_hotkeys'
Loaded module 'game_questlog'
Loaded module 'game_textmessage'
Unable to translate: "Disable chat mode, allow to walk using ASDW"
Loaded module 'game_console'
Loaded module 'game_outfit'
Unable to translate: "Moves"
Unable to translate: "Moves"
Loaded module 'game_moves'
Loaded module 'game_pokedex'
Loaded module 'game_healthinfo'
Unable to translate: "Pokemons"
Unable to translate: "Catchs"
Unable to translate: "Balls"
Loaded module 'game_skills'
Unable to translate: "Open purse"
Loaded module 'game_inventory'
Loaded module 'game_containers'
Loaded module 'game_viplist'
Loaded module 'game_battle'
Unable to translate: "Hold left mouse button to navigate
Scroll mouse middle button to zoom
Right mouse button to create map marks
Press Ctrl+Shift+M to view the entire game map"
Loaded module 'game_minimap'
Loaded module 'game_npctrade'
Loaded module 'game_textwindow'
Loaded module 'game_playertrade'
Loaded module 'game_bugreport'
Loaded module 'game_playerdeath'
Loaded module 'game_playermount'
Loaded module 'game_ruleviolation'
Loaded module 'game_market'
Unable to translate: "Filters"
Loaded module 'game_spelllist'
Loaded module 'game_cooldown'
Loaded module 'game_modaldialog'
Unable to translate: "Balls"
Unable to translate: "Catchs"
Exiting application..
== application started at Nov 10 2015 15:23:42
POKE DASH REVOLUTION 1.0 rev 0 (devel) built on Feb 22 2015 for arch x86
Loaded module 'corelib'
Loaded module 'game_things'
Loaded module 'gamelib'
Loaded module 'client'
Loaded module 'client_styles'
Locale 'pl' is missing 1 translations.
Locale 'pt' is missing 19 translations.
Using configured locale: pt
Loaded module 'client_locales'
Loaded module 'client_topmenu'
Loaded module 'client_background'
Unable to translate: "Don't stretch/shrink Game Window"
Loaded module 'client_options'
Unable to translate: "Make sure that your client uses
the correct game client version"
Unable to translate: "Client Version"
Loaded module 'client_entergame'
Loaded module 'client_terminal'
Loaded module 'client_modulemanager'
Loaded module 'client_serverlist'
Loaded module 'client_stats'
Loaded module 'game_interface'
Loaded module 'game_hotkeys'
Loaded module 'game_questlog'
Loaded module 'game_textmessage'
Unable to translate: "Disable chat mode, allow to walk using ASDW"
Loaded module 'game_console'
Loaded module 'game_outfit'
Unable to translate: "Moves"
Unable to translate: "Moves"
Loaded module 'game_moves'
Loaded module 'game_pokedex'
Loaded module 'game_healthinfo'
Unable to translate: "Pokemons"
Unable to translate: "Catchs"
Unable to translate: "Balls"
Loaded module 'game_skills'
Unable to translate: "Open purse"
Loaded module 'game_inventory'
Loaded module 'game_containers'
Loaded module 'game_viplist'
Loaded module 'game_battle'
Unable to translate: "Hold left mouse button to navigate
Scroll mouse middle button to zoom
Right mouse button to create map marks
Press Ctrl+Shift+M to view the entire game map"
Loaded module 'game_minimap'
Loaded module 'game_npctrade'
Loaded module 'game_textwindow'
Loaded module 'game_playertrade'
Loaded module 'game_bugreport'
Loaded module 'game_playerdeath'
Loaded module 'game_playermount'
Loaded module 'game_ruleviolation'
Loaded module 'game_market'
Unable to translate: "Filters"
Loaded module 'game_spelllist'
Loaded module 'game_cooldown'
Loaded module 'game_modaldialog'
Unable to translate: "Connection failed."
Unable to translate: "(ERROR %d)"
Unable to translate: "Balls"
Unable to translate: "Catchs"
ERROR: protected lua call failed: LUA ERROR:
/game_healthinfo/healthinfo.lua:243: attempt to index local 'Pokes' (a nil value)
stack traceback:
	[C]: in function '__index'
	/game_healthinfo/healthinfo.lua:243: in function </game_healthinfo/healthinfo.lua:216>
ERROR: protected lua call failed: LUA ERROR:
/game_healthinfo/healthinfo.lua:243: attempt to index local 'Pokes' (a nil value)
stack traceback:
	[C]: in function '__index'
	/game_healthinfo/healthinfo.lua:243: in function </game_healthinfo/healthinfo.lua:216>
WARNING: widget 'tab' destroyed but still have 1 reference(s) left
WARNING: widget 'tab' destroyed but still have 1 reference(s) left
Exiting application..
== application started at Nov 10 2015 16:40:17
POKE DASH REVOLUTION 1.0 rev 0 (devel) built on Feb 22 2015 for arch x86
Loaded module 'corelib'
Loaded module 'game_things'
Loaded module 'gamelib'
Loaded module 'client'
Loaded module 'client_styles'
Locale 'pl' is missing 1 translations.
Locale 'pt' is missing 19 translations.
Using configured locale: pt
Loaded module 'client_locales'
Loaded module 'client_topmenu'
Loaded module 'client_background'
Unable to translate: "Don't stretch/shrink Game Window"
Loaded module 'client_options'
Unable to translate: "Make sure that your client uses
the correct game client version"
Unable to translate: "Client Version"
Loaded module 'client_entergame'
Loaded module 'client_terminal'
Loaded module 'client_modulemanager'
Loaded module 'client_serverlist'
Loaded module 'client_stats'
Loaded module 'game_interface'
Loaded module 'game_hotkeys'
Loaded module 'game_questlog'
Loaded module 'game_textmessage'
Unable to translate: "Disable chat mode, allow to walk using ASDW"
Loaded module 'game_console'
Loaded module 'game_outfit'
Unable to translate: "Moves"
Unable to translate: "Moves"
Loaded module 'game_moves'
Loaded module 'game_pokedex'
Loaded module 'game_healthinfo'
Unable to translate: "Pokemons"
Unable to translate: "Catchs"
Unable to translate: "Balls"
Loaded module 'game_skills'
Unable to translate: "Open purse"
Loaded module 'game_inventory'
Loaded module 'game_containers'
Loaded module 'game_viplist'
Loaded module 'game_battle'
Unable to translate: "Hold left mouse button to navigate
Scroll mouse middle button to zoom
Right mouse button to create map marks
Press Ctrl+Shift+M to view the entire game map"
Loaded module 'game_minimap'
Loaded module 'game_npctrade'
Loaded module 'game_textwindow'
Loaded module 'game_playertrade'
Loaded module 'game_bugreport'
Loaded module 'game_playerdeath'
Loaded module 'game_playermount'
Loaded module 'game_ruleviolation'
Loaded module 'game_market'
Unable to translate: "Filters"
Loaded module 'game_spelllist'
Loaded module 'game_cooldown'
Loaded module 'game_modaldialog'
Unable to translate: "Balls"
Unable to translate: "Catchs"
ERROR: protected lua call failed: LUA ERROR:
/game_healthinfo/healthinfo.lua:243: attempt to index local 'Pokes' (a nil value)
stack traceback:
	[C]: in function '__index'
	/game_healthinfo/healthinfo.lua:243: in function </game_healthinfo/healthinfo.lua:216>
ERROR: protected lua call failed: LUA ERROR:
/game_healthinfo/healthinfo.lua:243: attempt to index local 'Pokes' (a nil value)
stack traceback:
	[C]: in function '__index'
	/game_healthinfo/healthinfo.lua:243: in function </game_healthinfo/healthinfo.lua:216>
Exiting application..
== application started at Nov 12 2015 19:13:21
POKE DASH REVOLUTION 1.0 rev 0 (devel) built on Feb 22 2015 for arch x86
Loaded module 'corelib'
Loaded module 'game_things'
Loaded module 'gamelib'
Loaded module 'client'
Loaded module 'client_styles'
Locale 'pl' is missing 1 translations.
Locale 'pt' is missing 19 translations.
Loaded module 'client_locales'
Loaded module 'client_topmenu'
Loaded module 'client_background'
Loaded module 'client_options'
Loaded module 'client_entergame'
Loaded module 'client_terminal'
Loaded module 'client_modulemanager'
Loaded module 'client_serverlist'
Loaded module 'client_stats'
Loaded module 'game_interface'
Loaded module 'game_hotkeys'
Loaded module 'game_questlog'
Loaded module 'game_textmessage'
Loaded module 'game_console'
Loaded module 'game_outfit'
Loaded module 'game_moves'
Loaded module 'game_pokedex'
Loaded module 'game_healthinfo'
Loaded module 'game_skills'
Loaded module 'game_inventory'
Loaded module 'game_containers'
Loaded module 'game_viplist'
Loaded module 'game_battle'
Loaded module 'game_minimap'
Loaded module 'game_npctrade'
Loaded module 'game_textwindow'
Loaded module 'game_playertrade'
Loaded module 'game_bugreport'
Loaded module 'game_playerdeath'
Loaded module 'game_playermount'
Loaded module 'game_ruleviolation'
Loaded module 'game_market'
Loaded module 'game_spelllist'
Loaded module 'game_cooldown'
Loaded module 'game_modaldialog'
ERROR: audio buffer underrun
at:
	[C++]: ?update@StreamSoundSource@@UAEXXZ
Loaded module 'gamelib'
Loaded module 'client_styles'
Locale 'pl' is missing 1 translations.
Locale 'pt' is missing 19 translations.
Using configured locale: pt
Loaded module 'client_locales'
Loaded module 'client_topmenu'
Loaded module 'client_background'
Unable to translate: "Don't stretch/shrink Game Window"
Loaded module 'client_options'
Unable to translate: "Make sure that your client uses
the correct game client version"
Unable to translate: "Client Version"
Loaded module 'client_entergame'
Loaded module 'client_terminal'
Loaded module 'client_modulemanager'
Loaded module 'client_serverlist'
Loaded module 'client_stats'
Loaded module 'game_interface'
Loaded module 'game_hotkeys'
Loaded module 'game_questlog'
Loaded module 'game_textmessage'
Unable to translate: "Disable chat mode, allow to walk using ASDW"
Loaded module 'game_console'
Loaded module 'game_outfit'
Unable to translate: "Moves"
Unable to translate: "Moves"
Loaded module 'game_moves'
Loaded module 'game_pokedex'
Loaded module 'game_healthinfo'
Unable to translate: "Pokemons"
Unable to translate: "Catchs"
Unable to translate: "Balls"
Loaded module 'game_skills'
Unable to translate: "Open purse"
Loaded module 'game_inventory'
Loaded module 'game_containers'
Loaded module 'game_viplist'
Loaded module 'game_battle'
Unable to translate: "Hold left mouse button to navigate
Scroll mouse middle button to zoom
Right mouse button to create map marks
Press Ctrl+Shift+M to view the entire game map"
Loaded module 'game_minimap'
Loaded module 'game_npctrade'
Loaded module 'game_textwindow'
Loaded module 'game_playertrade'
Loaded module 'game_bugreport'
Loaded module 'game_playerdeath'
Loaded module 'game_playermount'
Loaded module 'game_ruleviolation'
Loaded module 'game_market'
Unable to translate: "Filters"
Loaded module 'game_spelllist'
Loaded module 'game_cooldown'
Loaded module 'game_modaldialog'
ERROR: audio buffer underrun
at:
	[C++]: ?update@StreamSoundSource@@UAEXXZ
Unable to translate: "Balls"
Unable to translate: "Catchs"
ERROR: protected lua call failed: LUA ERROR:
/game_healthinfo/healthinfo.lua:243: attempt to index local 'Pokes' (a nil value)
stack traceback:
	[C]: in function '__index'
	/game_healthinfo/healthinfo.lua:243: in function </game_healthinfo/healthinfo.lua:216>
ERROR: protected lua call failed: LUA ERROR:
/game_healthinfo/healthinfo.lua:243: attempt to index local 'Pokes' (a nil value)
stack traceback:
	[C]: in function '__index'
	/game_healthinfo/healthinfo.lua:243: in function </game_healthinfo/healthinfo.lua:216>
ERROR: protected lua call failed: LUA ERROR:
/game_healthinfo/healthinfo.lua:243: attempt to index local 'Pokes' (a nil value)
stack traceback:
	[C]: in function '__index'
	/game_healthinfo/healthinfo.lua:243: in function </game_healthinfo/healthinfo.lua:216>
ERROR: protected lua call failed: LUA ERROR:
/game_healthinfo/healthinfo.lua:243: attempt to index local 'Pokes' (a nil value)
stack traceback:
	[C]: in function '__index'
	/game_healthinfo/healthinfo.lua:243: in function </game_healthinfo/healthinfo.lua:216>
WARNING: widget 'tab' destroyed but still have 1 reference(s) left
WARNING: widget 'tab' destroyed but still have 1 reference(s) left
Unable to translate: "Connection failed."
Unable to translate: "(ERROR %d)"
Unable to translate: "Connection failed."
Unable to translate: "(ERROR %d)"
Unable to translate: "Connection failed."
Unable to translate: "(ERROR %d)"
Unable to translate: "Balls"
Unable to translate: "Catchs"
Unable to translate: "Balls"
Unable to translate: "Catchs"
Unable to translate: "Balls"
Unable to translate: "Catchs"
WARNING: widget 'tab' destroyed but still have 1 reference(s) left
WARNING: widget 'tab' destroyed but still have 1 reference(s) left
Unable to translate: "Balls"
Unable to translate: "Catchs"
#dex#|7657|Alakazam
#dex#|7718|Magmar
WARNING: widget 'tab' destroyed but still have 1 reference(s) left
WARNING: widget 'tab' destroyed but still have 1 reference(s) left
Exiting application..
== application started at Nov 12 2015 19:44:02
POKE DASH REVOLUTION 1.0 rev 0 (devel) built on Feb 22 2015 for arch x86
Loaded module 'corelib'
Loaded module 'game_things'
Loaded module 'gamelib'
Loaded module 'client'
Loaded module 'client_styles'
Locale 'pl' is missing 1 translations.
Locale 'pt' is missing 19 translations.
Using configured locale: pt
Loaded module 'client_locales'
Loaded module 'client_topmenu'
Loaded module 'client_background'
Unable to translate: "Don't stretch/shrink Game Window"
Loaded module 'client_options'
Unable to translate: "Make sure that your client uses
the correct game client version"
Unable to translate: "Client Version"
Loaded module 'client_entergame'
Loaded module 'client_terminal'
Loaded module 'client_modulemanager'
Loaded module 'client_serverlist'
Loaded module 'client_stats'
Loaded module 'game_interface'
Loaded module 'game_hotkeys'
Loaded module 'game_questlog'
Loaded module 'game_textmessage'
Unable to translate: "Disable chat mode, allow to walk using ASDW"
Loaded module 'game_console'
Loaded module 'game_outfit'
Unable to translate: "Moves"
Unable to translate: "Moves"
Loaded module 'game_moves'
Loaded module 'game_pokedex'
Loaded module 'game_healthinfo'
Unable to translate: "Pokemons"
Unable to translate: "Catchs"
Unable to translate: "Balls"
Loaded module 'game_skills'
Unable to translate: "Open purse"
Loaded module 'game_inventory'
Loaded module 'game_containers'
Loaded module 'game_viplist'
Loaded module 'game_battle'
Unable to translate: "Hold left mouse button to navigate
Scroll mouse middle button to zoom
Right mouse button to create map marks
Press Ctrl+Shift+M to view the entire game map"
Loaded module 'game_minimap'
Loaded module 'game_npctrade'
Loaded module 'game_textwindow'
Loaded module 'game_playertrade'
Loaded module 'game_bugreport'
Loaded module 'game_playerdeath'
Loaded module 'game_playermount'
Loaded module 'game_ruleviolation'
Loaded module 'game_market'
Unable to translate: "Filters"
Loaded module 'game_spelllist'
Loaded module 'game_cooldown'
Loaded module 'game_modaldialog'
Loaded module 'game_combatcontrols'
Unable to translate: "Balls"
Unable to translate: "Catchs"
0
Doubleslap
0
Lovely Kiss
0
Sing
0
Selfheal
0
Multi-Slap
0
Metronome
0
n/n
0
n/n
0
n/n
0
n/n
0
n/n
0
n/n
0
Doubleslap
0
Lovely Kiss
0
Sing
0
Selfheal
0
Multi-Slap
0
Metronome
0
n/n
0
n/n
0
n/n
0
n/n
0
n/n
0
n/n
0
Doubleslap
0
Lovely Kiss
0
Sing
34
Selfheal
0
Multi-Slap
0
Metronome
0
n/n
0
n/n
0
n/n
0
n/n
0
n/n
0
n/n
0
Doubleslap
0
Lovely Kiss
0
Sing
26
Selfheal
0
Multi-Slap
0
Metronome
0
n/n
0
n/n
0
n/n
0
n/n
0
n/n
0
n/n
0
Doubleslap
0
Lovely Kiss
0
Sing
5
Selfheal
0
Multi-Slap
0
Metronome
0
n/n
0
n/n
0
n/n
0
n/n
0
n/n
0
n/n
0
Doubleslap
0
Lovely Kiss
0
Sing
0
Selfheal
0
Multi-Slap
0
Metronome
0
n/n
0
n/n
0
n/n
0
n/n
0
n/n
0
n/n
Exiting application..
== application started at Nov 12 2015 19:51:33
POKE DASH REVOLUTION 1.0 rev 0 (devel) built on Feb 22 2015 for arch x86
Loaded module 'corelib'
Loaded module 'game_things'
Loaded module 'gamelib'
Loaded module 'client'
Loaded module 'client_styles'
Locale 'pl' is missing 1 translations.
Locale 'pt' is missing 19 translations.
Using configured locale: pt
Loaded module 'client_locales'
Loaded module 'client_topmenu'
Loaded module 'client_background'
Unable to translate: "Don't stretch/shrink Game Window"
Loaded module 'client_options'
Unable to translate: "Make sure that your client uses
the correct game client version"
Unable to translate: "Client Version"
Loaded module 'client_entergame'
Loaded module 'client_terminal'
Loaded module 'client_modulemanager'
Loaded module 'client_serverlist'
Loaded module 'client_stats'
Loaded module 'game_interface'
Loaded module 'game_hotkeys'
Loaded module 'game_questlog'
Loaded module 'game_textmessage'
Unable to translate: "Disable chat mode, allow to walk using ASDW"
Loaded module 'game_console'
Loaded module 'game_outfit'
Unable to translate: "Moves"
Unable to translate: "Moves"
Loaded module 'game_moves'
Loaded module 'game_pokedex'
Loaded module 'game_healthinfo'
Unable to translate: "Pokemons"
Unable to translate: "Catchs"
Unable to translate: "Balls"
Loaded module 'game_skills'
Unable to translate: "Open purse"
Loaded module 'game_inventory'
Loaded module 'game_containers'
Loaded module 'game_viplist'
Loaded module 'game_battle'
Unable to translate: "Hold left mouse button to navigate
Scroll mouse middle button to zoom
Right mouse button to create map marks
Press Ctrl+Shift+M to view the entire game map"
Loaded module 'game_minimap'
Loaded module 'game_npctrade'
Loaded module 'game_textwindow'
Loaded module 'game_playertrade'
Loaded module 'game_bugreport'
Loaded module 'game_playerdeath'
Loaded module 'game_playermount'
Loaded module 'game_ruleviolation'
Loaded module 'game_market'
Unable to translate: "Filters"
Loaded module 'game_spelllist'
Loaded module 'game_cooldown'
Loaded module 'game_modaldialog'
ERROR: Unable to load module 'cdBar': LUA ERROR:
/cdBar/cdBar.lua:48: attempt to index global 'TopMenu' (a nil value)
stack traceback:
	[C]: in function '__index'
	/cdBar/cdBar.lua:48: in function 'init'
	/cdBar/cdBar.otmod:10:[@onLoad]:2: in main chunk
	[C]: in function 'autoLoadModules'
	/init.lua:49: in main chunk
Unable to translate: "Balls"
Unable to translate: "Catchs"
0
n/n
0
n/n
0
n/n
0
n/n
0
n/n
0
n/n
0
n/n
0
n/n
0
n/n
0
n/n
0
n/n
0
n/n
Exiting application..
== application started at Nov 12 2015 19:53:30
POKE DASH REVOLUTION 1.0 rev 0 (devel) built on Feb 22 2015 for arch x86
Loaded module 'corelib'
Loaded module 'game_things'
Loaded module 'gamelib'
Loaded module 'client'
Loaded module 'client_styles'
Locale 'pl' is missing 1 translations.
Locale 'pt' is missing 19 translations.
Using configured locale: pt
Loaded module 'client_locales'
Loaded module 'client_topmenu'
Loaded module 'client_background'
Unable to translate: "Don't stretch/shrink Game Window"
Loaded module 'client_options'
Unable to translate: "Make sure that your client uses
the correct game client version"
Unable to translate: "Client Version"
Loaded module 'client_entergame'
Loaded module 'client_terminal'
Loaded module 'client_modulemanager'
Loaded module 'client_serverlist'
Loaded module 'client_stats'
Loaded module 'game_interface'
Loaded module 'game_hotkeys'
Loaded module 'game_questlog'
Loaded module 'game_textmessage'
Unable to translate: "Disable chat mode, allow to walk using ASDW"
Loaded module 'game_console'
Loaded module 'game_outfit'
Unable to translate: "Moves"
Unable to translate: "Moves"
Loaded module 'game_moves'
Loaded module 'game_pokedex'
Loaded module 'game_healthinfo'
Unable to translate: "Pokemons"
Unable to translate: "Catchs"
Unable to translate: "Balls"
Loaded module 'game_skills'
Unable to translate: "Open purse"
Loaded module 'game_inventory'
Loaded module 'game_containers'
Loaded module 'game_viplist'
Loaded module 'game_battle'
Unable to translate: "Hold left mouse button to navigate
Scroll mouse middle button to zoom
Right mouse button to create map marks
Press Ctrl+Shift+M to view the entire game map"
Loaded module 'game_minimap'
Loaded module 'game_npctrade'
Loaded module 'game_textwindow'
Loaded module 'game_playertrade'
Loaded module 'game_bugreport'
Loaded module 'game_playerdeath'
Loaded module 'game_playermount'
Loaded module 'game_ruleviolation'
Loaded module 'game_market'
Unable to translate: "Filters"
Loaded module 'game_spelllist'
Loaded module 'game_cooldown'
Loaded module 'game_modaldialog'
Unable to translate: "Moves"
Loaded module 'cdBar'
Unable to translate: "Balls"
Unable to translate: "Catchs"
WARNING: widget 'tab' destroyed but still have 1 reference(s) left
WARNING: widget 'tab' destroyed but still have 1 reference(s) left
Exiting application..
== application started at Nov 12 2015 19:55:55
POKE DASH REVOLUTION 1.0 rev 0 (devel) built on Feb 22 2015 for arch x86
Loaded module 'corelib'
Loaded module 'game_things'
Loaded module 'gamelib'
Loaded module 'client'
Loaded module 'client_styles'
Locale 'pl' is missing 1 translations.
Locale 'pt' is missing 19 translations.
Using configured locale: pt
Loaded module 'client_locales'
Loaded module 'client_topmenu'
Loaded module 'client_background'
Unable to translate: "Don't stretch/shrink Game Window"
Loaded module 'client_options'
Unable to translate: "Make sure that your client uses
the correct game client version"
Unable to translate: "Client Version"
Loaded module 'client_entergame'
Loaded module 'client_terminal'
Loaded module 'client_modulemanager'
Loaded module 'client_serverlist'
Loaded module 'client_stats'
Loaded module 'game_interface'
Loaded module 'game_hotkeys'
Loaded module 'game_questlog'
Loaded module 'game_textmessage'
Unable to translate: "Disable chat mode, allow to walk using ASDW"
Loaded module 'game_console'
Loaded module 'game_outfit'
Unable to translate: "Moves"
Unable to translate: "Moves"
Loaded module 'game_moves'
Loaded module 'game_pokedex'
Loaded module 'game_healthinfo'
Unable to translate: "Pokemons"
Unable to translate: "Catchs"
Unable to translate: "Balls"
Loaded module 'game_skills'
Unable to translate: "Open purse"
Loaded module 'game_inventory'
Loaded module 'game_containers'
Loaded module 'game_viplist'
Loaded module 'game_battle'
Unable to translate: "Hold left mouse button to navigate
Scroll mouse middle button to zoom
Right mouse button to create map marks
Press Ctrl+Shift+M to view the entire game map"
Loaded module 'game_minimap'
Loaded module 'game_npctrade'
Loaded module 'game_textwindow'
Loaded module 'game_playertrade'
Loaded module 'game_bugreport'
Loaded module 'game_playerdeath'
Loaded module 'game_playermount'
Loaded module 'game_ruleviolation'
Loaded module 'game_market'
Unable to translate: "Filters"
Loaded module 'game_spelllist'
Loaded module 'game_cooldown'
Loaded module 'game_modaldialog'
Unable to translate: "Moves"
Loaded module 'cdBar'
Unable to translate: "Balls"
Unable to translate: "Catchs"
Unable to translate: "Moves"
Loaded module 'cdBar'
WARNING: widget 'tab' destroyed but still have 1 reference(s) left
WARNING: widget 'tab' destroyed but still have 1 reference(s) left
Unable to translate: "Connection failed."
Unable to translate: "(ERROR %d)"
Unable to translate: "Balls"
Unable to translate: "Catchs"
WARNING: widget 'tab' destroyed but still have 1 reference(s) left
WARNING: widget 'tab' destroyed but still have 1 reference(s) left
Unable to translate: "Balls"
Unable to translate: "Catchs"
WARNING: widget 'tab' destroyed but still have 1 reference(s) left
WARNING: widget 'tab' destroyed but still have 1 reference(s) left
Unable to translate: "Connection failed."
Unable to translate: "(ERROR %d)"
Unable to translate: "Balls"
Unable to translate: "Catchs"
WARNING: widget 'tab' destroyed but still have 1 reference(s) left
WARNING: widget 'tab' destroyed but still have 1 reference(s) left
Unable to translate: "Connection failed."
Unable to translate: "(ERROR %d)"
Unable to translate: "Connection failed."
Unable to translate: "(ERROR %d)"
Unable to translate: "Balls"
Unable to translate: "Catchs"
WARNING: widget 'tab' destroyed but still have 1 reference(s) left
WARNING: widget 'tab' destroyed but still have 1 reference(s) left
Unable to translate: "Balls"
Unable to translate: "Catchs"
WARNING: widget 'tab' destroyed but still have 1 reference(s) left
WARNING: widget 'tab' destroyed but still have 1 reference(s) left
Unable to translate: "Balls"
Unable to translate: "Catchs"
ERROR: Unable to load texture '/cdBar/imagens/Psy Wave_on.png': unable to open file '/cdBar/imagens/Psy Wave_on.png': O sistema não pode encontrar o caminho especificado.
#dex#|7689|Hypno
WARNING: widget 'tab' destroyed but still have 1 reference(s) left
WARNING: widget 'tab' destroyed but still have 1 reference(s) left
Exiting application..
