[21/07/2011 17:26:43] Elaa: me ajuda to preso
[21/07/2011 17:26:44] Elaa: s
[21/07/2011 17:31:30] Elaa: aceita um poliwhil nun pikachu
[21/07/2011 17:31:31] Elaa: ?
[05/08/2011 12:12:05] Exots: alfguem?
[05/08/2011 14:10:28] Loki: TEM ALGUEM AE
[05/08/2011 14:10:28] Loki: ?
[05/08/2011 17:26:30] Krodenzin: quem mais fora eu ta jogando isso?
[05/08/2011 17:26:49] Krodenzin: aa
[05/08/2011 17:26:50] Krodenzin: gods
[05/08/2011 17:26:51] Krodenzin: safidin
[05/08/2011 17:28:14] Krodenzin: achei bug
[05/08/2011 17:28:25] Krodenzin: toda hora ta caindo e quando cai volta mo tanto 
[05/08/2011 17:28:35] Krodenzin: voltei pro lv 11 dinovo
[05/08/2011 17:28:43] Krodenzin: ja é 2 vez ja
[05/08/2011 17:29:28] Krodenzin: dos que tenho nehum tem bug
[05/08/2011 17:30:32] Krodenzin: responde n?
[05/08/2011 17:40:38] Krodenzin: to falando e vc nao responde krl
[05/08/2011 17:40:42] Krodenzin: filho da puta
[05/08/2011 17:40:46] Krodenzin: corno
[05/08/2011 17:40:48] Krodenzin: otario
[05/08/2011 17:40:50] Krodenzin: kkkkkkkkk
[05/08/2011 17:40:51] Krodenzin: babaca
[05/08/2011 17:40:56] Krodenzin: vagabundo
[05/08/2011 17:40:59] Krodenzin: babacao
[05/08/2011 17:41:02] Krodenzin: ptarrio
[05/08/2011 17:41:07] Krodenzin: noob
[05/08/2011 17:41:09] Krodenzin: noobizoa
[05/08/2011 17:41:12] Krodenzin: noobao
[05/08/2011 17:44:52] Mix Revoltz: algum gm ae
[05/08/2011 18:04:44] Arnon Ruann: gm eu sei 1 pokemon bugado
[05/08/2011 18:11:46] Arnon Ruann: gm se ta ai
[05/08/2011 18:15:50] Arnon Ruann: Gm to com 1 pokemon que ta bugado
[05/08/2011 18:17:05] Arnon Ruann: hi
[05/08/2011 20:46:33] Klimber: Adm on ?
[05/08/2011 20:47:08] Arnon Ruann: klimber lvl?
[05/08/2011 21:50:15] Klimber: perdi meu gloom :@
[05/08/2011 23:18:34] Digdin: gm?
[05/08/2011 23:18:48] New back: alguem on
[05/08/2011 23:18:49] New back: ?
[05/08/2011 23:37:18] Proolis: alguem ai?
[05/08/2011 23:39:04] Klimber: sim
[05/08/2011 23:40:20] Proolis: ^^
[06/08/2011 12:23:34] Arnon Ruann: pq ta lag assim
[06/08/2011 12:42:09] Proolis: alguem ai?
[06/08/2011 13:20:58] Rockerao: ei gm me da  um poke?
[06/08/2011 14:27:41] [Tutor] Klimber: Uou..Boa tarde (:
[06/08/2011 14:29:51] Zatul: Tutor quanto ta a porcentagem de Catch?
[06/08/2011 14:30:28] [Tutor] Klimber: Isso nao foi informado pelo adm !
[06/08/2011 14:30:40] [Tutor] Klimber: Na hora que ele entrar eu pergunto (:
[06/08/2011 14:30:43] Zatul: ele ta on?
[06/08/2011 14:30:49] Zatul: a entom ta4
[06/08/2011 14:30:51] [Tutor] Klimber: Não!
[06/08/2011 14:30:51] Zatul: vlw
[06/08/2011 14:30:59] [Tutor] Klimber: :)
[06/08/2011 14:31:05] Zatul: grats pelo cargo lembro quando vc n era ainda tutor
[06/08/2011 14:31:16] [Tutor] Klimber: Hehehe (:
[06/08/2011 14:31:33] Zatul: acho q o catch ta igual o SVKE
[06/08/2011 14:32:10] [Tutor] Klimber: Tá foda dar catch né ...ele mesmo percebeu...e falou que vai mexer depois
[06/08/2011 14:32:43] Gui mlk: utamo vita
[06/08/2011 14:32:47] Gui mlk: ops
[06/08/2011 14:32:50] Gui mlk: XD
[06/08/2011 14:32:55] Gui mlk: magia errada
[06/08/2011 14:32:58] Zatul: ontio era 3 da madruga ele falo q aumento
[06/08/2011 14:33:04] Zatul: imagina se n tivesse aumentado
[06/08/2011 14:33:36] Zatul: uhuu achei ilha psyduck
[06/08/2011 14:33:38] Zatul: kkk
[06/08/2011 14:34:01] [Tutor] Klimber: uauhuhauha
[06/08/2011 14:34:01] [Tutor] Klimber: :D
[06/08/2011 14:34:40] Gui mlk: qndo tera cliente proprio
[06/08/2011 14:35:04] Zatul: quando ele terminar os projetos do server
[06/08/2011 14:35:15] Gui mlk: ok
[06/08/2011 14:35:27] Zatul: hehe dei uma de tutor
[06/08/2011 14:35:33] Gui mlk: kk
[06/08/2011 14:35:37] Gui mlk: é mesmo
[06/08/2011 14:35:38] Gui mlk: XD
[06/08/2011 14:36:44] Zatul: pelomenos pra compenssa o catch baixo dropa stone facim tenhu 3 ja
[06/08/2011 14:36:55] Gui mlk: XD
[06/08/2011 14:37:24] Gui mlk: a maioria dos server que tem esse mapa o loot é facil
[06/08/2011 14:37:29] Gui mlk: dropa stone rapidin
[06/08/2011 14:38:12] Zatul: vom converssa dno game chat se n o tutor acha ruim
[06/08/2011 14:38:37] Gui mlk: ok
[06/08/2011 14:58:12] Joaninhaa: SELL NIDOQUEEN
[06/08/2011 14:58:59] Zatul: chat errado favor fazer vendas no Trade
[06/08/2011 14:59:01] Zatul: Obrigado
[06/08/2011 14:59:20] Joaninhaa: nao tem nego no trade
[06/08/2011 14:59:23] Joaninhaa: :/
[06/08/2011 14:59:29] Zatul: vai no chat
[06/08/2011 14:59:33] Zatul: tem gente la
[06/08/2011 15:06:04] Arnon Ruann: God se ta ai
[06/08/2011 15:19:06] Zatul: Tutor q lv usa Starmie?
[06/08/2011 15:19:31] Arnon Ruann: 45
[06/08/2011 15:19:40] Zatul: vlw
